INFO (23/03/2024 01:58:07): Update id=968309304 is not handled. Duration 0 ms by bot id=6464094470 (Line: 172) [dispatcher.py]
INFO (23/03/2024 01:58:10): Polling stopped (Line: 554) [dispatcher.py]
INFO (23/03/2024 01:58:10): Polling stopped for bot @dotabebrabasbot id=6464094470 - 'bebraBot-Test' (Line: 359) [dispatcher.py]
INFO (23/03/2024 01:58:12): Инициализация... (Line: 9) [bot_handler.py]
INFO (23/03/2024 01:58:12): Инициализировано! (Line: 13) [bot_handler.py]
INFO (23/03/2024 01:58:12): Start polling (Line: 527) [dispatcher.py]
INFO (23/03/2024 01:58:12): Run polling for bot @dotabebrabasbot id=6464094470 - 'bebraBot-Test' (Line: 341) [dispatcher.py]
INFO (23/03/2024 01:58:14): [@alexanderseriously] Отправлен ID изображения. (Line: 29) [bot_handler.py]
INFO (23/03/2024 01:58:14): Update id=968309305 is handled. Duration 297 ms by bot id=6464094470 (Line: 172) [dispatcher.py]
INFO (23/03/2024 01:58:18): Update id=968309306 is not handled. Duration 15 ms by bot id=6464094470 (Line: 172) [dispatcher.py]
INFO (23/03/2024 01:59:07): Polling stopped (Line: 554) [dispatcher.py]
INFO (23/03/2024 01:59:07): Polling stopped for bot @dotabebrabasbot id=6464094470 - 'bebraBot-Test' (Line: 359) [dispatcher.py]
INFO (23/03/2024 01:59:09): Инициализация... (Line: 9) [bot_handler.py]
INFO (23/03/2024 01:59:09): Инициализировано! (Line: 13) [bot_handler.py]
INFO (23/03/2024 01:59:09): Start polling (Line: 527) [dispatcher.py]
INFO (23/03/2024 01:59:09): Run polling for bot @dotabebrabasbot id=6464094470 - 'bebraBot-Test' (Line: 341) [dispatcher.py]
INFO (23/03/2024 01:59:11): [@alexanderseriously] Отправлен ID изображения. (Line: 30) [bot_handler.py]
INFO (23/03/2024 01:59:11): Update id=968309307 is handled. Duration 296 ms by bot id=6464094470 (Line: 172) [dispatcher.py]
INFO (23/03/2024 01:59:17): Update id=968309308 is not handled. Duration 0 ms by bot id=6464094470 (Line: 172) [dispatcher.py]
INFO (23/03/2024 02:01:14): Polling stopped (Line: 554) [dispatcher.py]
INFO (23/03/2024 02:01:14): Polling stopped for bot @dotabebrabasbot id=6464094470 - 'bebraBot-Test' (Line: 359) [dispatcher.py]
INFO (23/03/2024 02:01:16): Инициализация... (Line: 9) [bot_handler.py]
INFO (23/03/2024 02:01:16): Инициализировано! (Line: 13) [bot_handler.py]
INFO (23/03/2024 02:01:16): Start polling (Line: 527) [dispatcher.py]
INFO (23/03/2024 02:01:16): Run polling for bot @dotabebrabasbot id=6464094470 - 'bebraBot-Test' (Line: 341) [dispatcher.py]
INFO (23/03/2024 02:01:22): [@alexanderseriously] Отправлен ID изображения. (Line: 30) [bot_handler.py]
INFO (23/03/2024 02:01:22): Update id=968309309 is handled. Duration 405 ms by bot id=6464094470 (Line: 172) [dispatcher.py]
INFO (23/03/2024 02:01:24): Update id=968309310 is handled. Duration 0 ms by bot id=6464094470 (Line: 172) [dispatcher.py]
INFO (23/03/2024 02:03:28): Polling stopped (Line: 554) [dispatcher.py]
INFO (23/03/2024 02:03:29): Polling stopped for bot @dotabebrabasbot id=6464094470 - 'bebraBot-Test' (Line: 359) [dispatcher.py]
INFO (23/03/2024 02:03:31): Инициализация... (Line: 9) [bot_handler.py]
INFO (23/03/2024 02:03:31): Инициализировано! (Line: 13) [bot_handler.py]
INFO (23/03/2024 02:03:31): Start polling (Line: 527) [dispatcher.py]
INFO (23/03/2024 02:03:31): Run polling for bot @dotabebrabasbot id=6464094470 - 'bebraBot-Test' (Line: 341) [dispatcher.py]
INFO (23/03/2024 02:03:34): [@alexanderseriously] Отправлен ID изображения. (Line: 30) [bot_handler.py]
INFO (23/03/2024 02:03:34): Update id=968309311 is handled. Duration 407 ms by bot id=6464094470 (Line: 172) [dispatcher.py]
INFO (23/03/2024 02:03:36): Update id=968309312 is handled. Duration 0 ms by bot id=6464094470 (Line: 172) [dispatcher.py]
INFO (23/03/2024 02:03:52): Polling stopped (Line: 554) [dispatcher.py]
INFO (23/03/2024 02:03:52): Polling stopped for bot @dotabebrabasbot id=6464094470 - 'bebraBot-Test' (Line: 359) [dispatcher.py]
INFO (23/03/2024 02:17:52): Инициализация... (Line: 9) [bot_handler.py]
INFO (23/03/2024 02:17:53): Инициализировано! (Line: 13) [bot_handler.py]
INFO (23/03/2024 02:17:53): Start polling (Line: 527) [dispatcher.py]
INFO (23/03/2024 02:17:53): Run polling for bot @dotabebrabasbot id=6464094470 - 'bebraBot-Test' (Line: 341) [dispatcher.py]
INFO (23/03/2024 02:17:54): [@pidor228dickchlen] Отправлена помощь. (Line: 24) [bot_handler.py]
INFO (23/03/2024 02:17:54): Update id=968309313 is handled. Duration 438 ms by bot id=6464094470 (Line: 172) [dispatcher.py]
INFO (23/03/2024 02:17:54): [@pidor228dickchlen] Отправлена помощь. (Line: 24) [bot_handler.py]
INFO (23/03/2024 02:17:54): Update id=968309314 is handled. Duration 438 ms by bot id=6464094470 (Line: 172) [dispatcher.py]
INFO (23/03/2024 02:20:29): Update id=968309315 is not handled. Duration 0 ms by bot id=6464094470 (Line: 172) [dispatcher.py]
INFO (23/03/2024 02:22:45): Polling stopped (Line: 554) [dispatcher.py]
INFO (23/03/2024 02:22:45): Polling stopped for bot @dotabebrabasbot id=6464094470 - 'bebraBot-Test' (Line: 359) [dispatcher.py]
